  pch.cpp
  DeviceContext.cpp
  EntitiesSystem.cpp
  Entity.cpp
  EntityComponent.cpp
  EntityGroup.cpp
  Graphics.cpp
  INGEngine.cpp
  ING_Math.cpp
  Material.cpp
  MaterialManager.cpp
  Mesh.cpp
  MeshResources.cpp
  Physics.cpp
  Renderer.cpp
  RenderLayer.cpp
  RenderState.cpp
  RenderSystem.cpp
  Resources.cpp
  Shader.cpp
  ShaderCompiler.cpp
  Compiling...
  SwapChain.cpp
  ING_Time.cpp
  TransformComponent.cpp
  ING_Window.cpp
  Vertex.cpp
  INGEngine.vcxproj -> D:\INGGameEngine\ing\x64\Release\INGEngine.lib
